TN:
SF:lib\index.js
FNF:0
FNH:0
DA:1,2
DA:2,2
DA:3,2
DA:5,2
DA:7,2
DA:9,2
LF:6
LH:6
BRF:0
BRH:0
end_of_record
TN:
SF:lib\infrastructure\amqp-manager.js
FN:33,(anonymous_0)
FN:40,(anonymous_1)
FN:51,(anonymous_2)
FN:60,(anonymous_3)
FN:68,(anonymous_4)
FN:76,(anonymous_5)
FN:85,(anonymous_6)
FN:93,(anonymous_7)
FN:94,(anonymous_8)
FN:103,(anonymous_9)
FN:124,(anonymous_10)
FN:136,(anonymous_11)
FN:148,(anonymous_12)
FN:152,(anonymous_13)
FN:163,(anonymous_14)
FN:165,(anonymous_15)
FN:167,(anonymous_16)
FN:179,(anonymous_17)
FNF:18
FNH:18
FNDA:22,(anonymous_0)
FNDA:22,(anonymous_1)
FNDA:19,(anonymous_2)
FNDA:4,(anonymous_3)
FNDA:5,(anonymous_4)
FNDA:24,(anonymous_5)
FNDA:12,(anonymous_6)
FNDA:4,(anonymous_7)
FNDA:4,(anonymous_8)
FNDA:12,(anonymous_9)
FNDA:1,(anonymous_10)
FNDA:1,(anonymous_11)
FNDA:3,(anonymous_12)
FNDA:3,(anonymous_13)
FNDA:1,(anonymous_14)
FNDA:1,(anonymous_15)
FNDA:1,(anonymous_16)
FNDA:1,(anonymous_17)
DA:6,3
DA:7,3
DA:8,3
DA:9,3
DA:10,3
DA:11,3
DA:12,3
DA:13,3
DA:15,3
DA:16,3
DA:31,22
DA:41,22
DA:42,22
DA:44,22
DA:52,19
DA:53,19
DA:61,4
DA:69,5
DA:77,24
DA:86,12
DA:94,4
DA:104,12
DA:105,12
DA:106,12
DA:107,1
DA:108,1
DA:110,1
DA:112,11
DA:116,11
DA:125,1
DA:126,1
DA:127,1
DA:128,1
DA:129,1
DA:137,1
DA:138,1
DA:139,1
DA:140,1
DA:141,1
DA:149,3
DA:150,3
DA:151,3
DA:152,3
DA:153,3
DA:154,3
DA:155,3
DA:164,1
DA:165,1
DA:166,1
DA:168,1
DA:172,1
DA:173,1
DA:180,1
DA:184,3
LF:54
LH:54
BRDA:41,0,0,22
BRDA:41,0,1,0
BRDA:106,1,0,1
BRDA:106,1,1,11
BRDA:107,2,0,1
BRDA:107,2,1,0
BRDA:125,3,0,1
BRDA:125,3,1,0
BRDA:137,4,0,1
BRDA:137,4,1,0
BRDA:150,5,0,3
BRDA:150,5,1,0
BRDA:154,6,0,3
BRDA:154,6,1,0
BRF:14
BRH:8
end_of_record
TN:
SF:lib\infrastructure\consumer.js
FN:56,(anonymous_0)
FN:65,(anonymous_1)
FN:73,(anonymous_2)
FN:81,(anonymous_3)
FN:89,(anonymous_4)
FN:97,(anonymous_5)
FN:105,(anonymous_6)
FN:111,(anonymous_7)
FN:140,(anonymous_8)
FN:148,(anonymous_9)
FN:152,(anonymous_10)
FN:153,(anonymous_11)
FN:154,(anonymous_12)
FN:171,(anonymous_13)
FNF:14
FNH:14
FNDA:5,(anonymous_0)
FNDA:2,(anonymous_1)
FNDA:1,(anonymous_2)
FNDA:1,(anonymous_3)
FNDA:6,(anonymous_4)
FNDA:1,(anonymous_5)
FNDA:3,(anonymous_6)
FNDA:5,(anonymous_7)
FNDA:1,(anonymous_8)
FNDA:1,(anonymous_9)
FNDA:1,(anonymous_10)
FNDA:1,(anonymous_11)
FNDA:1,(anonymous_12)
FNDA:1,(anonymous_13)
DA:5,3
DA:6,3
DA:57,5
DA:58,5
DA:59,5
DA:66,2
DA:74,1
DA:82,1
DA:90,6
DA:98,1
DA:106,3
DA:112,5
DA:113,5
DA:114,5
DA:119,5
DA:124,5
DA:126,5
DA:128,5
DA:133,5
DA:141,1
DA:142,1
DA:149,1
DA:150,1
DA:153,1
DA:154,1
DA:155,1
DA:156,1
DA:158,0
DA:164,0
DA:172,1
DA:173,1
DA:174,0
DA:176,1
DA:181,3
LF:34
LH:31
BRDA:126,0,0,0
BRDA:126,0,1,5
BRDA:173,1,0,0
BRDA:173,1,1,1
BRF:4
BRH:2
end_of_record
TN:
SF:lib\infrastructure\publisher.js
FN:52,(anonymous_0)
FN:61,(anonymous_1)
FN:69,(anonymous_2)
FN:77,(anonymous_3)
FN:85,(anonymous_4)
FN:93,(anonymous_5)
FN:100,(anonymous_6)
FN:108,(anonymous_7)
FN:122,(anonymous_8)
FN:130,(anonymous_9)
FN:141,(anonymous_10)
FNF:11
FNH:10
FNDA:5,(anonymous_0)
FNDA:2,(anonymous_1)
FNDA:1,(anonymous_2)
FNDA:1,(anonymous_3)
FNDA:3,(anonymous_4)
FNDA:3,(anonymous_5)
FNDA:5,(anonymous_6)
FNDA:0,(anonymous_7)
FNDA:1,(anonymous_8)
FNDA:1,(anonymous_9)
FNDA:1,(anonymous_10)
DA:6,3
DA:7,3
DA:53,5
DA:54,5
DA:55,5
DA:62,2
DA:70,1
DA:78,1
DA:86,3
DA:94,3
DA:101,5
DA:102,5
DA:103,5
DA:108,5
DA:109,0
DA:110,0
DA:115,0
DA:123,1
DA:124,1
DA:131,1
DA:132,1
DA:134,0
DA:142,1
DA:143,1
DA:147,3
LF:25
LH:21
BRDA:109,0,0,0
BRDA:109,0,1,0
BRF:2
BRH:0
end_of_record
TN:
SF:lib\middlewares\error.js
FN:7,(anonymous_0)
FN:19,(anonymous_1)
FNF:2
FNH:0
FNDA:0,(anonymous_0)
FNDA:0,(anonymous_1)
DA:7,2
DA:8,0
DA:9,0
DA:19,2
DA:20,0
DA:21,0
DA:23,0
DA:26,2
LF:8
LH:3
BRDA:8,0,0,0
BRDA:8,0,1,0
BRDA:20,1,0,0
BRDA:20,1,1,0
BRF:4
BRH:0
end_of_record
TN:
SF:lib\middlewares\filter.js
FN:10,(anonymous_0)
FN:17,(anonymous_1)
FNF:2
FNH:0
FNDA:0,(anonymous_0)
FNDA:0,(anonymous_1)
DA:10,2
DA:17,0
DA:18,0
DA:19,0
DA:21,0
DA:25,2
LF:6
LH:2
BRDA:19,0,0,0
BRDA:19,0,1,0
BRF:2
BRH:0
end_of_record
TN:
SF:lib\middlewares\index.js
FNF:0
FNH:0
DA:2,2
DA:3,2
DA:4,2
DA:5,2
DA:6,2
DA:8,2
LF:6
LH:6
BRF:0
BRH:0
end_of_record
TN:
SF:lib\middlewares\json.js
FN:9,(anonymous_0)
FN:20,(anonymous_1)
FNF:2
FNH:0
FNDA:0,(anonymous_0)
FNDA:0,(anonymous_1)
DA:9,2
DA:10,0
DA:11,0
DA:20,2
DA:21,0
DA:22,0
DA:24,0
DA:26,0
DA:29,2
LF:9
LH:3
BRF:0
BRH:0
end_of_record
TN:
SF:lib\middlewares\metrics.js
FN:9,(anonymous_0)
FN:17,(anonymous_1)
FNF:2
FNH:0
FNDA:0,(anonymous_0)
FNDA:0,(anonymous_1)
DA:9,2
DA:17,0
DA:18,0
DA:19,0
DA:22,2
LF:5
LH:2
BRF:0
BRH:0
end_of_record
TN:
SF:lib\middlewares\schema.js
FN:15,(anonymous_0)
FN:26,(anonymous_1)
FN:32,(anonymous_2)
FNF:3
FNH:0
FNDA:0,(anonymous_0)
FNDA:0,(anonymous_1)
FNDA:0,(anonymous_2)
DA:1,2
DA:3,2
DA:4,2
DA:5,2
DA:15,2
DA:16,0
DA:26,0
DA:27,0
DA:28,0
DA:29,0
DA:32,0
DA:35,0
DA:39,2
LF:13
LH:6
BRDA:28,0,0,0
BRDA:28,0,1,0
BRDA:32,1,0,0
BRDA:32,1,1,0
BRF:4
BRH:0
end_of_record
TN:
SF:lib\middlewares\wrapper.js
FN:21,(anonymous_0)
FN:33,(anonymous_1)
FN:46,(anonymous_2)
FN:57,(anonymous_3)
FNF:4
FNH:0
FNDA:0,(anonymous_0)
FNDA:0,(anonymous_1)
FNDA:0,(anonymous_2)
FNDA:0,(anonymous_3)
DA:22,0
DA:23,0
DA:24,0
DA:25,0
DA:34,0
DA:35,0
DA:39,0
DA:40,0
DA:47,0
DA:48,0
DA:49,0
DA:50,0
DA:51,0
DA:53,0
DA:54,0
DA:55,0
DA:56,0
DA:57,0
DA:58,0
DA:61,0
DA:62,0
DA:65,0
DA:68,0
DA:70,0
DA:75,4
LF:25
LH:1
BRDA:24,0,0,0
BRDA:24,0,1,0
BRDA:34,1,0,0
BRDA:34,1,1,0
BRDA:37,2,0,0
BRDA:37,2,1,0
BRDA:39,3,0,0
BRDA:39,3,1,0
BRDA:56,4,0,0
BRDA:56,4,1,0
BRF:10
BRH:0
end_of_record
TN:
SF:lib\schemas\index.js
FNF:0
FNH:0
DA:1,6
DA:3,6
DA:4,6
DA:5,6
DA:7,6
DA:9,6
LF:6
LH:6
BRF:0
BRH:0
end_of_record
TN:
SF:lib\utils\deepClone.js
FNF:0
FNH:0
DA:1,4
LF:1
LH:1
BRF:0
BRH:0
end_of_record
TN:
SF:lib\utils\format.js
FN:3,(anonymous_0)
FN:4,(anonymous_1)
FNF:2
FNH:0
FNDA:0,(anonymous_0)
FNDA:0,(anonymous_1)
DA:1,2
DA:3,2
DA:4,2
DA:6,2
LF:4
LH:4
BRF:0
BRH:0
end_of_record
TN:
SF:lib\utils\metrics.js
FN:3,(anonymous_0)
FNF:1
FNH:0
FNDA:0,(anonymous_0)
DA:1,2
DA:3,2
DA:5,2
LF:3
LH:3
BRF:0
BRH:0
end_of_record
TN:
SF:lib\validation\base.js
FN:10,(anonymous_0)
FNF:1
FNH:1
FNDA:1,(anonymous_0)
DA:11,1
DA:15,7
LF:2
LH:2
BRF:0
BRH:0
end_of_record
TN:
SF:lib\validation\consumer.js
FN:20,(anonymous_0)
FN:25,(anonymous_1)
FNF:2
FNH:2
FNDA:28,(anonymous_0)
FNDA:101,(anonymous_1)
DA:5,4
DA:6,4
DA:8,4
DA:21,28
DA:22,27
DA:26,101
DA:34,4
LF:7
LH:7
BRDA:21,0,0,27
BRDA:21,0,1,1
BRF:2
BRH:2
end_of_record
TN:
SF:lib\validation\manager.js
FN:20,(anonymous_0)
FN:25,(anonymous_1)
FNF:2
FNH:2
FNDA:14,(anonymous_0)
FNDA:2,(anonymous_1)
DA:5,4
DA:6,4
DA:8,4
DA:21,14
DA:22,2
DA:26,2
DA:34,4
LF:7
LH:7
BRDA:21,0,0,2
BRDA:21,0,1,12
BRF:2
BRH:2
end_of_record
TN:
SF:lib\validation\publisher.js
FN:20,(anonymous_0)
FN:25,(anonymous_1)
FNF:2
FNH:2
FNDA:18,(anonymous_0)
FNDA:56,(anonymous_1)
DA:5,4
DA:6,4
DA:8,4
DA:21,18
DA:22,17
DA:26,56
DA:34,4
LF:7
LH:7
BRDA:21,0,0,17
BRDA:21,0,1,1
BRF:2
BRH:2
end_of_record
TN:
SF:test\infrastructure\captions\amqp-manager.js
FNF:0
FNH:0
DA:1,1
DA:44,1
LF:2
LH:2
BRF:0
BRH:0
end_of_record
TN:
SF:test\infrastructure\captions\consumer.js
FNF:0
FNH:0
DA:1,1
DA:28,1
LF:2
LH:2
BRF:0
BRH:0
end_of_record
TN:
SF:test\infrastructure\captions\publisher.js
FNF:0
FNH:0
DA:1,1
DA:28,1
LF:2
LH:2
BRF:0
BRH:0
end_of_record
TN:
SF:test\utils\captions\index.js
FNF:0
FNH:0
DA:2,1
DA:17,1
LF:2
LH:2
BRF:0
BRH:0
end_of_record
TN:
SF:test\validation\captions\base.js
FNF:0
FNH:0
DA:1,1
DA:12,1
LF:2
LH:2
BRF:0
BRH:0
end_of_record
TN:
SF:test\validation\captions\consumer.js
FNF:0
FNH:0
DA:2,1
DA:117,1
LF:2
LH:2
BRF:0
BRH:0
end_of_record
TN:
SF:test\validation\captions\manager.js
FNF:0
FNH:0
DA:2,1
DA:17,1
LF:2
LH:2
BRF:0
BRH:0
end_of_record
TN:
SF:test\validation\captions\publisher.js
FNF:0
FNH:0
DA:2,1
DA:77,1
LF:2
LH:2
BRF:0
BRH:0
end_of_record
